2022-03-06 12:34:51,556 DEBUG MavenDay1.Log4jDemo [main] This is my debug message
2022-03-06 12:34:51,561 INFO MavenDay1.Log4jDemo [main] This is my info message
2022-03-06 12:34:51,561 WARN MavenDay1.Log4jDemo [main] This is my warn message
2022-03-06 12:34:51,561 ERROR MavenDay1.Log4jDemo [main] This is my error message
2022-03-06 12:34:51,561 FATAL MavenDay1.Log4jDemo [main] This is my fatal message
2022-03-06 12:35:03,402 DEBUG MavenDay1.Log4jDemo [main] This is my debug message
2022-03-06 12:35:03,404 INFO MavenDay1.Log4jDemo [main] This is my info message
2022-03-06 12:35:03,404 WARN MavenDay1.Log4jDemo [main] This is my warn message
2022-03-06 12:35:03,404 ERROR MavenDay1.Log4jDemo [main] This is my error message
2022-03-06 12:35:03,406 FATAL MavenDay1.Log4jDemo [main] This is my fatal message
2022-03-09 15:15:08,764 DEBUG MavenDay1.Log4jDemo [main] This is my debug message
2022-03-09 15:15:08,766 INFO MavenDay1.Log4jDemo [main] This is my info message
2022-03-09 15:15:08,767 WARN MavenDay1.Log4jDemo [main] This is my warn message
2022-03-09 15:15:08,767 ERROR MavenDay1.Log4jDemo [main] This is my error message
2022-03-09 15:15:08,767 FATAL MavenDay1.Log4jDemo [main] This is my fatal message
2022-03-09 15:15:32,437 DEBUG MavenDay1.Log4jDemo [main] This is my debug message
2022-03-09 15:15:32,439 INFO MavenDay1.Log4jDemo [main] This is my info message
2022-03-09 15:15:32,439 WARN MavenDay1.Log4jDemo [main] This is my warn message
2022-03-09 15:15:32,441 ERROR MavenDay1.Log4jDemo [main] This is my error message
2022-03-09 15:15:32,441 FATAL MavenDay1.Log4jDemo [main] This is my fatal message
